[Mon Mar 23 21:31:36 2020] GET request: /index.html
[Mon Mar 23 21:31:36 2020] GET request: /index.html
[Mon Mar 23 21:31:36 2020] GET request: /index.html
[Mon Mar 23 21:31:37 2020] GET request: /images/05_01.gif
[Mon Mar 23 21:31:37 2020] GET request: /images/05_02.gif
[Mon Mar 23 21:31:37 2020] GET request: /images/05_03.gif
[Mon Mar 23 21:31:37 2020] GET request: /images/05_04.gif
[Mon Mar 23 21:31:37 2020] GET request: /images/05_05.gif
[Mon Mar 23 21:31:37 2020] GET request: /images/05_06.gif
[Mon Mar 23 21:31:37 2020] GET request: /images/05_07.gif
[Mon Mar 23 21:31:37 2020] GET request: /images/05_08.gif
[Mon Mar 23 21:31:37 2020] GET request: /images/05_09.gif
[Mon Mar 23 21:31:37 2020] GET request: /images/05_10.gif
[Mon Mar 23 21:31:40 2020] GET request: /index.html
[Mon Mar 23 21:31:44 2020] GET request: /index.html
[Mon Mar 23 21:31:45 2020] GET request: /index.html
[Mon Mar 23 21:31:46 2020] GET request: /index.html
[Mon Mar 23 21:31:46 2020] GET request: /images/05_01.gif
[Mon Mar 23 21:31:46 2020] GET request: /images/05_02.gif
[Mon Mar 23 21:31:46 2020] GET request: /images/05_03.gif
[Mon Mar 23 21:31:46 2020] GET request: /images/05_04.gif
[Mon Mar 23 21:31:46 2020] GET request: /images/05_05.gif
[Mon Mar 23 21:31:46 2020] GET request: /images/05_06.gif
[Mon Mar 23 21:31:46 2020] GET request: /images/05_07.gif
[Mon Mar 23 21:31:46 2020] GET request: /images/05_08.gif
[Mon Mar 23 21:31:46 2020] GET request: /images/05_09.gif
[Mon Mar 23 21:31:46 2020] GET request: /images/05_10.gif
[Mon Mar 23 21:31:48 2020] GET request: /home.htm
[Mon Mar 23 21:31:48 2020] GET request: /images/05_01.gif
[Mon Mar 23 21:31:48 2020] GET request: /images/05_02.gif
[Mon Mar 23 21:31:48 2020] GET request: /images/05_03.gif
[Mon Mar 23 21:31:49 2020] GET request: /images/05_04.gif
[Mon Mar 23 21:31:49 2020] GET request: /images/05_05.gif
[Mon Mar 23 21:31:49 2020] GET request: /images/05_06.gif
[Mon Mar 23 21:31:49 2020] GET request: /images/05_07.gif
[Mon Mar 23 21:31:49 2020] GET request: /images/05_08.gif
[Mon Mar 23 21:31:49 2020] GET request: /images/05_09.gif
[Mon Mar 23 21:31:49 2020] GET request: /images/05_10.gif
[Mon Mar 23 21:31:49 2020] GET request: /home.htm
[Mon Mar 23 21:31:56 2020] GET request: /form.htm
[Mon Mar 23 21:31:57 2020] GET request: /form.htm
[Mon Mar 23 21:32:38 2020] GET request: /form.htm
[Mon Mar 23 21:32:40 2020] GET request: /index.html
[Mon Mar 23 21:35:33 2020] GET request: /index.html
[Mon Mar 23 21:35:56 2020] GET request: /index.html
[Mon Mar 23 21:35:56 2020] GET request: /images/05_01.gif
[Mon Mar 23 21:35:56 2020] GET request: /images/05_02.gif
[Mon Mar 23 21:35:57 2020] GET request: /images/05_09.gif
[Mon Mar 23 21:35:57 2020] GET request: /images/05_10.gif
[Mon Mar 23 21:35:57 2020] GET request: /images/05_03.gif
[Mon Mar 23 21:35:57 2020] GET request: /images/05_04.gif
[Mon Mar 23 21:35:57 2020] GET request: /images/05_05.gif
[Mon Mar 23 21:35:57 2020] GET request: /images/05_06.gif
[Mon Mar 23 21:35:57 2020] GET request: /images/05_07.gif
[Mon Mar 23 21:35:57 2020] GET request: /images/05_08.gif
[Mon Mar 23 21:35:57 2020] GET request: /images/05_04-over.gif
[Mon Mar 23 21:35:57 2020] GET request: /images/05_06-over.gif
[Mon Mar 23 21:35:57 2020] GET request: /images/05_07-over.gif
[Mon Mar 23 21:35:57 2020] GET request: /images/05_08-over.gif
[Mon Mar 23 21:35:59 2020] GET request: /home.htm
[Mon Mar 23 21:36:00 2020] GET request: /main.htm
[Mon Mar 23 21:36:00 2020] GET request: /images/05_07.gif
[Mon Mar 23 21:36:00 2020] GET request: /images/05_08.gif
[Mon Mar 23 21:36:00 2020] GET request: /images/05_09.gif
[Mon Mar 23 21:36:00 2020] GET request: /images/05_10.gif
[Mon Mar 23 21:36:00 2020] GET request: /images/bac_04.jpg
[Mon Mar 23 21:36:00 2020] GET request: /images/05_01.gif
[Mon Mar 23 21:36:00 2020] GET request: /images/05_02.gif
[Mon Mar 23 21:36:00 2020] GET request: /images/05_03.gif
[Mon Mar 23 21:36:00 2020] GET request: /images/05_04.gif
[Mon Mar 23 21:36:00 2020] GET request: /images/05_05.gif
[Mon Mar 23 21:36:00 2020] GET request: /images/05_06.gif
[Mon Mar 23 21:36:00 2020] GET request: /bullet2.jpg
[Mon Mar 23 21:36:00 2020] GET request: /bullet3.jpg
[Mon Mar 23 21:36:01 2020] GET request: /bullet1.jpg
[Mon Mar 23 21:36:01 2020] GET request: /images/05_04-over.gif
[Mon Mar 23 21:36:01 2020] GET request: /images/05_06-over.gif
[Mon Mar 23 21:36:01 2020] GET request: /images/05_07-over.gif
[Mon Mar 23 21:36:01 2020] GET request: /images/05_08-over.gif
[Mon Mar 23 21:36:01 2020] GET request: /images/05_09.gif
[Mon Mar 23 21:56:35 2020] GET request: /home.htm
[Mon Mar 23 21:56:35 2020] GET request: /images/05_01.gif
[Mon Mar 23 21:56:35 2020] GET request: /images/05_02.gif
[Mon Mar 23 21:56:35 2020] GET request: /main.htm
[Mon Mar 23 21:56:35 2020] GET request: /images/05_09.gif
[Mon Mar 23 21:56:36 2020] GET request: /images/05_10.gif
[Mon Mar 23 21:56:36 2020] GET request: /images/05_03.gif
[Mon Mar 23 21:56:36 2020] GET request: /images/05_04.gif
[Mon Mar 23 21:56:36 2020] GET request: /images/05_05.gif
[Mon Mar 23 21:56:36 2020] GET request: /images/05_06.gif
[Mon Mar 23 21:56:36 2020] GET request: /images/05_07.gif
[Mon Mar 23 21:56:36 2020] GET request: /images/05_08.gif
[Mon Mar 23 21:56:36 2020] GET request: /bullet2.jpg
[Mon Mar 23 21:56:36 2020] GET request: /bullet3.jpg
[Mon Mar 23 21:56:36 2020] GET request: /bullet1.jpg
[Mon Mar 23 21:56:36 2020] GET request: /images/bac_04.jpg
[Mon Mar 23 21:56:37 2020] GET request: /images/05_04-over.gif
[Mon Mar 23 21:56:37 2020] GET request: /images/05_06-over.gif
[Mon Mar 23 21:56:37 2020] GET request: /images/05_07-over.gif
[Mon Mar 23 21:56:37 2020] GET request: /images/05_08-over.gif
[Mon Mar 23 21:56:37 2020] GET request: /links.htm
[Mon Mar 23 21:56:38 2020] GET request: /ilinks.htm
