[Tue Mar 24 14:48:55 2020] GET request: /index.html
[Tue Mar 24 14:48:55 2020] GET request: /images/05_01.gif
[Tue Mar 24 14:48:55 2020] GET request: /images/05_03.gif
[Tue Mar 24 14:48:55 2020] GET request: /images/05_02.gif
[Tue Mar 24 14:48:55 2020] GET request: /images/05_04.gif
[Tue Mar 24 14:48:56 2020] GET request: /images/05_05.gif
[Tue Mar 24 14:48:56 2020] GET request: /images/05_06.gif
[Tue Mar 24 14:48:56 2020] GET request: /images/05_07.gif
[Tue Mar 24 14:48:56 2020] GET request: /images/05_08.gif
[Tue Mar 24 14:48:56 2020] GET request: /images/05_09.gif
[Tue Mar 24 14:48:56 2020] GET request: /images/05_10.gif
[Tue Mar 24 14:48:56 2020] GET request: /images/05_04-over.gif
[Tue Mar 24 14:48:57 2020] GET request: /images/05_06-over.gif
[Tue Mar 24 14:48:57 2020] GET request: /images/05_07-over.gif
[Tue Mar 24 14:48:57 2020] GET request: /images/05_08-over.gif
[Tue Mar 24 14:48:58 2020] GET request: /home.htm
[Tue Mar 24 14:48:58 2020] GET request: /images/05_01.gif
[Tue Mar 24 14:48:58 2020] GET request: /main.htm
[Tue Mar 24 14:48:58 2020] GET request: /images/05_09.gif
[Tue Mar 24 14:48:58 2020] GET request: /images/05_08.gif
[Tue Mar 24 14:48:58 2020] GET request: /images/05_07.gif
[Tue Mar 24 14:48:58 2020] GET request: /images/05_10.gif
[Tue Mar 24 14:48:58 2020] GET request: /images/05_02.gif
[Tue Mar 24 14:48:58 2020] GET request: /images/05_03.gif
[Tue Mar 24 14:48:58 2020] GET request: /images/05_04.gif
[Tue Mar 24 14:48:58 2020] GET request: /images/05_05.gif
[Tue Mar 24 14:48:59 2020] GET request: /images/05_06.gif
[Tue Mar 24 14:48:59 2020] GET request: /bullet2.jpg
[Tue Mar 24 14:48:59 2020] GET request: /images/bac_04.jpg
[Tue Mar 24 14:48:59 2020] GET request: /bullet3.jpg
[Tue Mar 24 14:48:59 2020] GET request: /bullet1.jpg
[Tue Mar 24 14:49:00 2020] GET request: /images/05_06-over.gif
[Tue Mar 24 14:49:00 2020] GET request: /images/05_04-over.gif
[Tue Mar 24 14:49:01 2020] GET request: /images/05_08-over.gif
[Tue Mar 24 14:49:01 2020] GET request: /images/05_07-over.gif
[Tue Mar 24 14:49:03 2020] GET request: /contact.htm
[Tue Mar 24 14:49:04 2020] GET request: /icontact.htm
[Tue Mar 24 14:49:04 2020] GET request: /images/05_10.gif
[Tue Mar 24 14:49:04 2020] GET request: /images/05_09.gif
[Tue Mar 24 14:49:04 2020] GET request: /images/05_08.gif
[Tue Mar 24 14:49:04 2020] GET request: /images/05_01.gif
[Tue Mar 24 14:49:04 2020] GET request: /images/05_07.gif
[Tue Mar 24 14:49:04 2020] GET request: /images/05_02.gif
[Tue Mar 24 14:49:04 2020] GET request: /images/05_03.gif
[Tue Mar 24 14:49:04 2020] GET request: /images/05_04.gif
[Tue Mar 24 14:49:05 2020] GET request: /images/05_05.gif
[Tue Mar 24 14:49:05 2020] GET request: /images/05_06.gif
[Tue Mar 24 14:49:05 2020] GET request: /images/bac_04.jpg
[Tue Mar 24 14:49:05 2020] GET request: /images/05_06-over.gif
[Tue Mar 24 14:49:05 2020] GET request: /images/05_08-over.gif
[Tue Mar 24 14:49:05 2020] GET request: /images/05_04-over.gif
[Tue Mar 24 14:49:05 2020] GET request: /images/05_07-over.gif
